0 verbose cli /usr/local/bin/node /usr/local/bin/npm
1 info using npm@10.5.0
2 info using node@v21.7.3
3 timing npm:load:whichnode Completed in 3ms
4 timing config:load:defaults Completed in 2ms
5 timing config:load:file:/usr/local/lib/node_modules/npm/npmrc Completed in 1ms
6 timing config:load:builtin Completed in 1ms
7 timing config:load:cli Completed in 3ms
8 timing config:load:env Completed in 0ms
9 timing config:load:project Completed in 1ms
10 timing config:load:file:/home/user/.npmrc Completed in 1ms
11 timing config:load:user Completed in 1ms
12 timing config:load:file:/usr/local/etc/npmrc Completed in 0ms
13 timing config:load:global Completed in 0ms
14 timing config:load:setEnvs Completed in 10ms
15 timing config:load Completed in 19ms
16 timing npm:load:configload Completed in 19ms
17 timing config:load:flatten Completed in 3ms
18 timing npm:load:mkdirpcache Completed in 1ms
19 timing npm:load:mkdirplogs Completed in 0ms
20 verbose title npm install
21 verbose argv "install" "--force"
22 timing npm:load:setTitle Completed in 1ms
23 timing npm:load:display Completed in 1ms
24 verbose logfile logs-max:10 dir:/home/user/.npm/_logs/2025-04-04T06_34_25_537Z-
25 verbose logfile /home/user/.npm/_logs/2025-04-04T06_34_25_537Z-debug-0.log
26 timing npm:load:logFile Completed in 9ms
27 timing npm:load:timers Completed in 0ms
28 timing npm:load:configScope Completed in 1ms
29 warn using --force Recommended protections disabled.
30 timing npm:load Completed in 57ms
31 timing arborist:ctor Completed in 1ms
32 silly logfile done cleaning log files
33 timing idealTree:init Completed in 241ms
34 timing idealTree:userRequests Completed in 1ms
35 silly idealTree buildDeps
36 timing idealTree:#root Completed in 1ms
37 timing idealTree:buildDeps Completed in 2ms
38 timing idealTree:fixDepFlags Completed in 0ms
39 timing idealTree Completed in 245ms
40 http fetch GET 200 https://registry.npmjs.org/npm 781ms
41 timing arborist:ctor Completed in 0ms
42 timing reify:loadTrees Completed in 1253ms
43 timing reify:diffTrees Completed in 24ms
44 silly reify moves {}
45 timing reify:retireShallow Completed in 1ms
46 timing reify:createSparse Completed in 2ms
47 timing reify:loadBundles Completed in 0ms
48 silly audit bulk request {
48 silly audit   '@alloc/quick-lru': [ '5.2.0' ],
48 silly audit   '@babel/runtime': [ '7.27.0' ],
48 silly audit   '@floating-ui/core': [ '1.6.9' ],
48 silly audit   '@floating-ui/dom': [ '1.6.13' ],
48 silly audit   '@floating-ui/react-dom': [ '2.1.2' ],
48 silly audit   '@floating-ui/utils': [ '0.2.9' ],
48 silly audit   '@hookform/resolvers': [ '5.0.1' ],
48 silly audit   '@isaacs/cliui': [ '8.0.2' ],
48 silly audit   '@jridgewell/gen-mapping': [ '0.3.8' ],
48 silly audit   '@jridgewell/resolve-uri': [ '3.1.2' ],
48 silly audit   '@jridgewell/set-array': [ '1.2.1' ],
48 silly audit   '@jridgewell/sourcemap-codec': [ '1.5.0' ],
48 silly audit   '@jridgewell/trace-mapping': [ '0.3.25' ],
48 silly audit   '@next/env': [ '14.2.20' ],
48 silly audit   '@next/swc-darwin-arm64': [ '14.2.20' ],
48 silly audit   '@next/swc-darwin-x64': [ '14.2.20' ],
48 silly audit   '@next/swc-linux-arm64-gnu': [ '14.2.20' ],
48 silly audit   '@next/swc-linux-arm64-musl': [ '14.2.20' ],
48 silly audit   '@next/swc-linux-x64-gnu': [ '14.2.20' ],
48 silly audit   '@next/swc-linux-x64-musl': [ '14.2.20' ],
48 silly audit   '@next/swc-win32-arm64-msvc': [ '14.2.20' ],
48 silly audit   '@next/swc-win32-ia32-msvc': [ '14.2.20' ],
48 silly audit   '@next/swc-win32-x64-msvc': [ '14.2.20' ],
48 silly audit   '@nodelib/fs.scandir': [ '2.1.5' ],
48 silly audit   '@nodelib/fs.stat': [ '2.0.5' ],
48 silly audit   '@nodelib/fs.walk': [ '1.2.8' ],
48 silly audit   '@pkgjs/parseargs': [ '0.11.0' ],
48 silly audit   '@radix-ui/number': [ '1.1.0' ],
48 silly audit   '@radix-ui/primitive': [ '1.1.1' ],
48 silly audit   '@radix-ui/react-accordion': [ '1.2.3' ],
48 silly audit   '@radix-ui/react-alert-dialog': [ '1.1.6' ],
48 silly audit   '@radix-ui/react-arrow': [ '1.1.2' ],
48 silly audit   '@radix-ui/react-aspect-ratio': [ '1.1.2' ],
48 silly audit   '@radix-ui/react-avatar': [ '1.1.3' ],
48 silly audit   '@radix-ui/react-checkbox': [ '1.1.4' ],
48 silly audit   '@radix-ui/react-collapsible': [ '1.1.3' ],
48 silly audit   '@radix-ui/react-collection': [ '1.1.2' ],
48 silly audit   '@radix-ui/react-compose-refs': [ '1.1.1' ],
48 silly audit   '@radix-ui/react-context': [ '1.1.1' ],
48 silly audit   '@radix-ui/react-context-menu': [ '2.2.6' ],
48 silly audit   '@radix-ui/react-dialog': [ '1.1.6' ],
48 silly audit   '@radix-ui/react-direction': [ '1.1.0' ],
48 silly audit   '@radix-ui/react-dismissable-layer': [ '1.1.5' ],
48 silly audit   '@radix-ui/react-dropdown-menu': [ '2.1.6' ],
48 silly audit   '@radix-ui/react-focus-guards': [ '1.1.1' ],
48 silly audit   '@radix-ui/react-focus-scope': [ '1.1.2' ],
48 silly audit   '@radix-ui/react-hover-card': [ '1.1.6' ],
48 silly audit   '@radix-ui/react-id': [ '1.1.0' ],
48 silly audit   '@radix-ui/react-label': [ '2.1.2' ],
48 silly audit   '@radix-ui/react-menu': [ '2.1.6' ],
48 silly audit   '@radix-ui/react-menubar': [ '1.1.6' ],
48 silly audit   '@radix-ui/react-navigation-menu': [ '1.2.5' ],
48 silly audit   '@radix-ui/react-popover': [ '1.1.6' ],
48 silly audit   '@radix-ui/react-popper': [ '1.2.2' ],
48 silly audit   '@radix-ui/react-portal': [ '1.1.4' ],
48 silly audit   '@radix-ui/react-presence': [ '1.1.2' ],
48 silly audit   '@radix-ui/react-primitive': [ '2.0.2' ],
48 silly audit   '@radix-ui/react-progress': [ '1.1.2' ],
48 silly audit   '@radix-ui/react-radio-group': [ '1.2.3' ],
48 silly audit   '@radix-ui/react-roving-focus': [ '1.1.2' ],
48 silly audit   '@radix-ui/react-scroll-area': [ '1.2.3' ],
48 silly audit   '@radix-ui/react-select': [ '2.1.6' ],
48 silly audit   '@radix-ui/react-separator': [ '1.1.2' ],
48 silly audit   '@radix-ui/react-slider': [ '1.2.3' ],
48 silly audit   '@radix-ui/react-slot': [ '1.1.2' ],
48 silly audit   '@radix-ui/react-switch': [ '1.1.3' ],
48 silly audit   '@radix-ui/react-tabs': [ '1.1.3' ],
48 silly audit   '@radix-ui/react-toast': [ '1.2.6' ],
48 silly audit   '@radix-ui/react-toggle': [ '1.1.2' ],
48 silly audit   '@radix-ui/react-toggle-group': [ '1.1.2' ],
48 silly audit   '@radix-ui/react-tooltip': [ '1.1.8' ],
48 silly audit   '@radix-ui/react-use-callback-ref': [ '1.1.0' ],
48 silly audit   '@radix-ui/react-use-controllable-state': [ '1.1.0' ],
48 silly audit   '@radix-ui/react-use-escape-keydown': [ '1.1.0' ],
48 silly audit   '@radix-ui/react-use-layout-effect': [ '1.1.0' ],
48 silly audit   '@radix-ui/react-use-previous': [ '1.1.0' ],
48 silly audit   '@radix-ui/react-use-rect': [ '1.1.0' ],
48 silly audit   '@radix-ui/react-use-size': [ '1.1.0' ],
48 silly audit   '@radix-ui/react-visually-hidden': [ '1.1.2' ],
48 silly audit   '@radix-ui/rect': [ '1.1.0' ],
48 silly audit   '@standard-schema/utils': [ '0.3.0' ],
48 silly audit   '@swc/counter': [ '0.1.3' ],
48 silly audit   '@swc/helpers': [ '0.5.5' ],
48 silly audit   '@types/d3-array': [ '3.2.1' ],
48 silly audit   '@types/d3-color': [ '3.1.3' ],
48 silly audit   '@types/d3-ease': [ '3.0.2' ],
48 silly audit   '@types/d3-interpolate': [ '3.0.4' ],
48 silly audit   '@types/d3-path': [ '3.1.1' ],
48 silly audit   '@types/d3-scale': [ '4.0.9' ],
48 silly audit   '@types/d3-shape': [ '3.1.7' ],
48 silly audit   '@types/d3-time': [ '3.0.4' ],
48 silly audit   '@types/d3-timer': [ '3.0.2' ],
48 silly audit   '@types/node': [ '20.17.30' ],
48 silly audit   '@types/prop-types': [ '15.7.14' ],
48 silly audit   '@types/react': [ '18.3.20' ],
48 silly audit   '@types/react-dom': [ '18.3.6' ],
48 silly audit   'ansi-regex': [ '6.1.0', '5.0.1' ],
48 silly audit   'ansi-styles': [ '6.2.1', '4.3.0' ],
48 silly audit   'any-promise': [ '1.3.0' ],
48 silly audit   anymatch: [ '3.1.3' ],
48 silly audit   arg: [ '5.0.2' ],
48 silly audit   'aria-hidden': [ '1.2.4' ],
48 silly audit   'balanced-match': [ '1.0.2' ],
48 silly audit   'binary-extensions': [ '2.3.0' ],
48 silly audit   'brace-expansion': [ '2.0.1' ],
48 silly audit   braces: [ '3.0.3' ],
48 silly audit   busboy: [ '1.6.0' ],
48 silly audit   'camelcase-css': [ '2.0.1' ],
48 silly audit   'caniuse-lite': [ '1.0.30001709' ],
48 silly audit   chokidar: [ '3.6.0' ],
48 silly audit   'glob-parent': [ '5.1.2', '6.0.2' ],
48 silly audit   'class-variance-authority': [ '0.7.1' ],
48 silly audit   'client-only': [ '0.0.1' ],
48 silly audit   clsx: [ '2.1.1' ],
48 silly audit   cmdk: [ '1.1.1' ],
48 silly audit   'color-convert': [ '2.0.1' ],
48 silly audit   'color-name': [ '1.1.4' ],
48 silly audit   commander: [ '4.1.1' ],
48 silly audit   'cross-spawn': [ '7.0.6' ],
48 silly audit   'css-mediaquery': [ '0.1.2' ],
48 silly audit   cssesc: [ '3.0.0' ],
48 silly audit   csstype: [ '3.1.3' ],
48 silly audit   'd3-array': [ '3.2.4' ],
48 silly audit   'd3-color': [ '3.1.0' ],
48 silly audit   'd3-ease': [ '3.0.1' ],
48 silly audit   'd3-format': [ '3.1.0' ],
48 silly audit   'd3-interpolate': [ '3.0.1' ],
48 silly audit   'd3-path': [ '3.1.0' ],
48 silly audit   'd3-scale': [ '4.0.2' ],
48 silly audit   'd3-shape': [ '3.2.0' ],
48 silly audit   'd3-time': [ '3.1.0' ],
48 silly audit   'd3-time-format': [ '4.1.0' ],
48 silly audit   'd3-timer': [ '3.0.1' ],
48 silly audit   'date-fns': [ '3.6.0' ],
48 silly audit   'decimal.js-light': [ '2.5.1' ],
48 silly audit   'detect-node-es': [ '1.1.0' ],
48 silly audit   didyoumean: [ '1.2.2' ],
48 silly audit   dlv: [ '1.1.3' ],
48 silly audit   'dom-helpers': [ '5.2.1' ],
48 silly audit   eastasianwidth: [ '0.2.0' ],
48 silly audit   'embla-carousel': [ '8.5.2' ],
48 silly audit   'embla-carousel-react': [ '8.5.2' ],
48 silly audit   'embla-carousel-reactive-utils': [ '8.5.2' ],
48 silly audit   'emoji-regex': [ '9.2.2', '8.0.0' ],
48 silly audit   eventemitter3: [ '4.0.7' ],
48 silly audit   'fast-equals': [ '5.2.2' ],
48 silly audit   'fast-glob': [ '3.3.3' ],
48 silly audit   fastq: [ '1.19.1' ],
48 silly audit   'fill-range': [ '7.1.1' ],
48 silly audit   'foreground-child': [ '3.3.1' ],
48 silly audit   'framer-motion': [ '12.6.3' ],
48 silly audit   fsevents: [ '2.3.3' ],
48 silly audit   'function-bind': [ '1.1.2' ],
48 silly audit   'get-nonce': [ '1.0.1' ],
48 silly audit   glob: [ '10.4.5' ],
48 silly audit   'graceful-fs': [ '4.2.11' ],
48 silly audit   hasown: [ '2.0.2' ],
48 silly audit   'hyphenate-style-name': [ '1.1.0' ],
48 silly audit   'input-otp': [ '1.4.2' ],
48 silly audit   internmap: [ '2.0.3' ],
48 silly audit   'is-binary-path': [ '2.1.0' ],
48 silly audit   'is-core-module': [ '2.16.1' ],
48 silly audit   'is-extglob': [ '2.1.1' ],
48 silly audit   'is-fullwidth-code-point': [ '3.0.0' ],
48 silly audit   'is-glob': [ '4.0.3' ],
48 silly audit   'is-number': [ '7.0.0' ],
48 silly audit   isexe: [ '2.0.0' ],
48 silly audit   jackspeak: [ '3.4.3' ],
48 silly audit   jiti: [ '1.21.7' ],
48 silly audit   'js-tokens': [ '4.0.0' ],
48 silly audit   lilconfig: [ '3.1.3' ],
48 silly audit   'lines-and-columns': [ '1.2.4' ],
48 silly audit   lodash: [ '4.17.21' ],
48 silly audit   'loose-envify': [ '1.4.0' ],
48 silly audit   'lru-cache': [ '10.4.3' ],
48 silly audit   'lucide-react': [ '0.487.0' ],
48 silly audit   matchmediaquery: [ '0.4.2' ],
48 silly audit   merge2: [ '1.4.1' ],
48 silly audit   micromatch: [ '4.0.8' ],
48 silly audit   minimatch: [ '9.0.5' ],
48 silly audit   minipass: [ '7.1.2' ],
48 silly audit   'motion-dom': [ '12.6.3' ],
48 silly audit   'motion-utils': [ '12.6.3' ],
48 silly audit   mz: [ '2.7.0' ],
48 silly audit   nanoid: [ '3.3.11' ],
48 silly audit   next: [ '14.2.20' ],
48 silly audit   'next-themes': [ '0.4.6' ],
48 silly audit   postcss: [ '8.4.31', '8.5.3' ],
48 silly audit   'normalize-path': [ '3.0.0' ],
48 silly audit   'object-assign': [ '4.1.1' ],
48 silly audit   'object-hash': [ '3.0.0' ],
48 silly audit   'package-json-from-dist': [ '1.0.1' ],
48 silly audit   'path-key': [ '3.1.1' ],
48 silly audit   'path-parse': [ '1.0.7' ],
48 silly audit   'path-scurry': [ '1.11.1' ],
48 silly audit   picocolors: [ '1.1.1' ],
48 silly audit   picomatch: [ '2.3.1' ],
48 silly audit   pify: [ '2.3.0' ],
48 silly audit   pirates: [ '4.0.7' ],
48 silly audit   'postcss-import': [ '15.1.0' ],
48 silly audit   'postcss-js': [ '4.0.1' ],
48 silly audit   'postcss-load-config': [ '4.0.2' ],
48 silly audit   'postcss-nested': [ '6.2.0' ],
48 silly audit   'postcss-selector-parser': [ '6.1.2' ],
48 silly audit   'postcss-value-parser': [ '4.2.0' ],
48 silly audit   'prop-types': [ '15.8.1' ],
48 silly audit   'react-is': [ '16.13.1', '18.3.1' ],
48 silly audit   'queue-microtask': [ '1.2.3' ],
48 silly audit   react: [ '18.3.1' ],
48 silly audit   'react-day-picker': [ '8.10.1' ],
48 silly audit   'react-dom': [ '18.3.1' ],
48 silly audit   'react-hook-form': [ '7.55.0' ],
48 silly audit   'react-remove-scroll': [ '2.6.3' ],
48 silly audit   'react-remove-scroll-bar': [ '2.3.8' ],
48 silly audit   'react-resizable-panels': [ '2.1.7' ],
48 silly audit   'react-responsive': [ '10.0.1' ],
48 silly audit   'react-smooth': [ '4.0.4' ],
48 silly audit   'react-style-singleton': [ '2.2.3' ],
48 silly audit   'react-transition-group': [ '4.4.5' ],
48 silly audit   'read-cache': [ '1.0.0' ],
48 silly audit   readdirp: [ '3.6.0' ],
48 silly audit   recharts: [ '2.15.2' ],
48 silly audit   'recharts-scale': [ '0.4.5' ],
48 silly audit   'regenerator-runtime': [ '0.14.1' ],
48 silly audit   resolve: [ '1.22.10' ],
48 silly audit   reusify: [ '1.1.0' ],
48 silly audit   'run-parallel': [ '1.2.0' ],
48 silly audit   scheduler: [ '0.23.2' ],
48 silly audit   'shallow-equal': [ '3.1.0' ],
48 silly audit   'shebang-command': [ '2.0.0' ],
48 silly audit   'shebang-regex': [ '3.0.0' ],
48 silly audit   'signal-exit': [ '4.1.0' ],
48 silly audit   sonner: [ '2.0.3' ],
48 silly audit   'source-map-js': [ '1.2.1' ],
48 silly audit   streamsearch: [ '1.1.0' ],
48 silly audit   'string-width': [ '5.1.2', '4.2.3' ],
48 silly audit   'strip-ansi': [ '6.0.1', '7.1.0' ],
48 silly audit   'styled-jsx': [ '5.1.1' ],
48 silly audit   sucrase: [ '3.35.0' ],
48 silly audit   'supports-preserve-symlinks-flag': [ '1.0.0' ],
48 silly audit   'tailwind-merge': [ '3.1.0' ],
48 silly audit   tailwindcss: [ '3.4.17' ],
48 silly audit   'tailwindcss-animate': [ '1.0.7' ],
48 silly audit   thenify: [ '3.3.1' ],
48 silly audit   'thenify-all': [ '1.6.0' ],
48 silly audit   'tiny-invariant': [ '1.3.3' ],
48 silly audit   'to-regex-range': [ '5.0.1' ],
48 silly audit   'ts-interface-checker': [ '0.1.13' ],
48 silly audit   tslib: [ '2.8.1' ],
48 silly audit   'tw-animate-css': [ '1.2.5' ],
48 silly audit   typescript: [ '5.8.2' ],
48 silly audit   'undici-types': [ '6.19.8' ],
48 silly audit   'use-callback-ref': [ '1.3.3' ],
48 silly audit   'use-sidecar': [ '1.1.3' ],
48 silly audit   'util-deprecate': [ '1.0.2' ],
48 silly audit   vaul: [ '1.1.2' ],
48 silly audit   'victory-vendor': [ '36.9.2' ],
48 silly audit   which: [ '2.0.2' ],
48 silly audit   'wrap-ansi': [ '8.1.0', '7.0.0' ],
48 silly audit   yaml: [ '2.7.1' ],
48 silly audit   zod: [ '3.24.2' ]
48 silly audit }
49 verbose reify failed optional dependency /home/user/node_modules/fsevents
50 silly reify mark deleted [ '/home/user/node_modules/fsevents' ]
51 verbose reify failed optional dependency /home/user/node_modules/@next/swc-win32-x64-msvc
52 silly reify mark deleted [ '/home/user/node_modules/@next/swc-win32-x64-msvc' ]
53 verbose reify failed optional dependency /home/user/node_modules/@next/swc-win32-ia32-msvc
54 silly reify mark deleted [ '/home/user/node_modules/@next/swc-win32-ia32-msvc' ]
55 verbose reify failed optional dependency /home/user/node_modules/@next/swc-win32-arm64-msvc
56 silly reify mark deleted [ '/home/user/node_modules/@next/swc-win32-arm64-msvc' ]
57 verbose reify failed optional dependency /home/user/node_modules/@next/swc-linux-arm64-musl
58 silly reify mark deleted [ '/home/user/node_modules/@next/swc-linux-arm64-musl' ]
59 verbose reify failed optional dependency /home/user/node_modules/@next/swc-linux-arm64-gnu
60 silly reify mark deleted [ '/home/user/node_modules/@next/swc-linux-arm64-gnu' ]
61 verbose reify failed optional dependency /home/user/node_modules/@next/swc-darwin-x64
62 silly reify mark deleted [ '/home/user/node_modules/@next/swc-darwin-x64' ]
63 verbose reify failed optional dependency /home/user/node_modules/@next/swc-darwin-arm64
64 silly reify mark deleted [ '/home/user/node_modules/@next/swc-darwin-arm64' ]
65 timing reifyNode:node_modules/fsevents Completed in 11ms
66 timing reifyNode:node_modules/@next/swc-win32-x64-msvc Completed in 12ms
67 timing reifyNode:node_modules/@next/swc-win32-ia32-msvc Completed in 12ms
68 timing reifyNode:node_modules/@next/swc-win32-arm64-msvc Completed in 12ms
69 timing reifyNode:node_modules/@next/swc-linux-arm64-musl Completed in 12ms
70 timing reifyNode:node_modules/@next/swc-linux-arm64-gnu Completed in 12ms
71 timing reifyNode:node_modules/@next/swc-darwin-x64 Completed in 12ms
72 timing reifyNode:node_modules/@next/swc-darwin-arm64 Completed in 12ms
73 timing reify:unpack Completed in 13ms
74 timing reify:unretire Completed in 0ms
75 timing build:queue Completed in 5ms
76 timing build:deps Completed in 6ms
77 timing build Completed in 7ms
78 timing reify:build Completed in 7ms
79 timing reify:trash Completed in 4ms
80 http fetch POST 200 https://registry.npmjs.org/-/npm/v1/security/advisories/bulk 233ms
81 timing auditReport:getReport Completed in 241ms
82 silly audit report {
82 silly audit report   next: [
82 silly audit report     {
82 silly audit report       id: 1101438,
82 silly audit report       url: 'https://github.com/advisories/GHSA-7m27-7ghc-44w9',
82 silly audit report       title: 'Next.js Allows a Denial of Service (DoS) with Server Actions',
82 silly audit report       severity: 'moderate',
82 silly audit report       vulnerable_versions: '>=14.0.0 <14.2.21',
82 silly audit report       cwe: [Array],
82 silly audit report       cvss: [Object]
82 silly audit report     },
82 silly audit report     {
82 silly audit report       id: 1103622,
82 silly audit report       url: 'https://github.com/advisories/GHSA-f82v-jwr5-mffw',
82 silly audit report       title: 'Authorization Bypass in Next.js Middleware',
82 silly audit report       severity: 'critical',
82 silly audit report       vulnerable_versions: '>=14.0.0 <14.2.25',
82 silly audit report       cwe: [Array],
82 silly audit report       cvss: [Object]
82 silly audit report     }
82 silly audit report   ]
82 silly audit report }
83 timing reify:save Completed in 208ms
84 timing metavuln:cache:get:security-advisory:next:NpdQYf+4OaOvlNiZgkhHLNCcOTe84gjeay11sdJQ2HSe2hRovddeIJqZfGwiLh+ns7klO1J2oxhVS+ou+h9gmw== Completed in 81ms
85 timing metavuln:cache:get:security-advisory:next:sRwxXns2Jx2Pd1edvsG5cID01wxEZSh7zL1q0AyAGjICnwvz65raPm6wLUcvxPnSL/F/TL0ZfpcjpUk1ZrqwMQ== Completed in 80ms
86 http fetch GET 200 https://registry.npmjs.org/next 1890ms (cache miss)
87 timing metavuln:packument:next Completed in 3897ms
88 timing metavuln:load:security-advisory:next:1101438 Completed in 139ms
89 timing metavuln:load:security-advisory:next:1103622 Completed in 102ms
90 timing metavuln:cache:put:security-advisory:next:NpdQYf+4OaOvlNiZgkhHLNCcOTe84gjeay11sdJQ2HSe2hRovddeIJqZfGwiLh+ns7klO1J2oxhVS+ou+h9gmw== Completed in 109ms
91 timing metavuln:calculate:security-advisory:next:1101438 Completed in 4147ms
92 timing metavuln:cache:put:security-advisory:next:sRwxXns2Jx2Pd1edvsG5cID01wxEZSh7zL1q0AyAGjICnwvz65raPm6wLUcvxPnSL/F/TL0ZfpcjpUk1ZrqwMQ== Completed in 5ms
93 timing metavuln:calculate:security-advisory:next:1103622 Completed in 4146ms
94 timing auditReport:init Completed in 4193ms
95 timing reify:audit Completed in 4436ms
96 timing reify Completed in 5934ms
97 silly ADD
98 silly ADD
99 silly ADD
100 silly ADD
101 silly ADD
102 silly ADD
103 silly ADD
104 silly ADD
105 timing command:install Completed in 6008ms
106 notice
106 notice New major version of npm available! 10.5.0 -> 11.2.0
106 notice Changelog: <https://github.com/npm/cli/releases/tag/v11.2.0>
106 notice Run `npm install -g npm@11.2.0` to update!
106 notice
107 verbose exit 0
108 timing npm Completed in 7327ms
109 info ok
