0 verbose cli /usr/local/bin/node /usr/local/bin/npm
1 info using npm@10.5.0
2 info using node@v21.7.3
3 timing npm:load:whichnode Completed in 3ms
4 timing config:load:defaults Completed in 2ms
5 timing config:load:file:/usr/local/lib/node_modules/npm/npmrc Completed in 1ms
6 timing config:load:builtin Completed in 1ms
7 timing config:load:cli Completed in 5ms
8 timing config:load:env Completed in 0ms
9 timing config:load:project Completed in 1ms
10 timing config:load:file:/home/user/.npmrc Completed in 1ms
11 timing config:load:user Completed in 1ms
12 timing config:load:file:/usr/local/etc/npmrc Completed in 0ms
13 timing config:load:global Completed in 0ms
14 timing config:load:setEnvs Completed in 2ms
15 timing config:load Completed in 14ms
16 timing npm:load:configload Completed in 15ms
17 timing config:load:flatten Completed in 10ms
18 timing npm:load:mkdirpcache Completed in 3ms
19 timing npm:load:mkdirplogs Completed in 0ms
20 verbose title npm install
21 verbose argv "install" "--force"
22 timing npm:load:setTitle Completed in 1ms
23 timing npm:load:display Completed in 2ms
24 verbose logfile logs-max:10 dir:/home/user/.npm/_logs/2025-04-04T06_47_39_441Z-
25 verbose logfile /home/user/.npm/_logs/2025-04-04T06_47_39_441Z-debug-0.log
26 timing npm:load:logFile Completed in 17ms
27 timing npm:load:timers Completed in 0ms
28 timing npm:load:configScope Completed in 0ms
29 warn using --force Recommended protections disabled.
30 timing npm:load Completed in 90ms
31 timing arborist:ctor Completed in 2ms
32 silly logfile done cleaning log files
33 timing idealTree:init Completed in 539ms
34 timing idealTree:userRequests Completed in 0ms
35 silly idealTree buildDeps
36 timing idealTree:#root Completed in 1ms
37 timing idealTree:buildDeps Completed in 3ms
38 timing idealTree:fixDepFlags Completed in 0ms
39 timing idealTree Completed in 546ms
40 timing arborist:ctor Completed in 1ms
41 timing reify:loadTrees Completed in 911ms
42 timing reify:diffTrees Completed in 20ms
43 silly reify moves {}
44 timing reify:retireShallow Completed in 2ms
45 timing reify:createSparse Completed in 44ms
46 timing reify:loadBundles Completed in 0ms
47 silly audit bulk request {
47 silly audit   '@alloc/quick-lru': [ '5.2.0' ],
47 silly audit   '@babel/runtime': [ '7.27.0' ],
47 silly audit   '@floating-ui/core': [ '1.6.9' ],
47 silly audit   '@floating-ui/dom': [ '1.6.13' ],
47 silly audit   '@floating-ui/react-dom': [ '2.1.2' ],
47 silly audit   '@floating-ui/utils': [ '0.2.9' ],
47 silly audit   '@hookform/resolvers': [ '5.0.1' ],
47 silly audit   '@isaacs/cliui': [ '8.0.2' ],
47 silly audit   '@jridgewell/gen-mapping': [ '0.3.8' ],
47 silly audit   '@jridgewell/resolve-uri': [ '3.1.2' ],
47 silly audit   '@jridgewell/set-array': [ '1.2.1' ],
47 silly audit   '@jridgewell/sourcemap-codec': [ '1.5.0' ],
47 silly audit   '@jridgewell/trace-mapping': [ '0.3.25' ],
47 silly audit   '@next/env': [ '14.2.20' ],
47 silly audit   '@next/swc-darwin-arm64': [ '14.2.20' ],
47 silly audit   '@next/swc-darwin-x64': [ '14.2.20' ],
47 silly audit   '@next/swc-linux-arm64-gnu': [ '14.2.20' ],
47 silly audit   '@next/swc-linux-arm64-musl': [ '14.2.20' ],
47 silly audit   '@next/swc-linux-x64-gnu': [ '14.2.20' ],
47 silly audit   '@next/swc-linux-x64-musl': [ '14.2.20' ],
47 silly audit   '@next/swc-win32-arm64-msvc': [ '14.2.20' ],
47 silly audit   '@next/swc-win32-ia32-msvc': [ '14.2.20' ],
47 silly audit   '@next/swc-win32-x64-msvc': [ '14.2.20' ],
47 silly audit   '@nodelib/fs.scandir': [ '2.1.5' ],
47 silly audit   '@nodelib/fs.stat': [ '2.0.5' ],
47 silly audit   '@nodelib/fs.walk': [ '1.2.8' ],
47 silly audit   '@pkgjs/parseargs': [ '0.11.0' ],
47 silly audit   '@radix-ui/number': [ '1.1.0' ],
47 silly audit   '@radix-ui/primitive': [ '1.1.1' ],
47 silly audit   '@radix-ui/react-accordion': [ '1.2.3' ],
47 silly audit   '@radix-ui/react-alert-dialog': [ '1.1.6' ],
47 silly audit   '@radix-ui/react-arrow': [ '1.1.2' ],
47 silly audit   '@radix-ui/react-aspect-ratio': [ '1.1.2' ],
47 silly audit   '@radix-ui/react-avatar': [ '1.1.3' ],
47 silly audit   '@radix-ui/react-checkbox': [ '1.1.4' ],
47 silly audit   '@radix-ui/react-collapsible': [ '1.1.3' ],
47 silly audit   '@radix-ui/react-collection': [ '1.1.2' ],
47 silly audit   '@radix-ui/react-compose-refs': [ '1.1.1' ],
47 silly audit   '@radix-ui/react-context': [ '1.1.1' ],
47 silly audit   '@radix-ui/react-context-menu': [ '2.2.6' ],
47 silly audit   '@radix-ui/react-dialog': [ '1.1.6' ],
47 silly audit   '@radix-ui/react-direction': [ '1.1.0' ],
47 silly audit   '@radix-ui/react-dismissable-layer': [ '1.1.5' ],
47 silly audit   '@radix-ui/react-dropdown-menu': [ '2.1.6' ],
47 silly audit   '@radix-ui/react-focus-guards': [ '1.1.1' ],
47 silly audit   '@radix-ui/react-focus-scope': [ '1.1.2' ],
47 silly audit   '@radix-ui/react-hover-card': [ '1.1.6' ],
47 silly audit   '@radix-ui/react-id': [ '1.1.0' ],
47 silly audit   '@radix-ui/react-label': [ '2.1.2' ],
47 silly audit   '@radix-ui/react-menu': [ '2.1.6' ],
47 silly audit   '@radix-ui/react-menubar': [ '1.1.6' ],
47 silly audit   '@radix-ui/react-navigation-menu': [ '1.2.5' ],
47 silly audit   '@radix-ui/react-popover': [ '1.1.6' ],
47 silly audit   '@radix-ui/react-popper': [ '1.2.2' ],
47 silly audit   '@radix-ui/react-portal': [ '1.1.4' ],
47 silly audit   '@radix-ui/react-presence': [ '1.1.2' ],
47 silly audit   '@radix-ui/react-primitive': [ '2.0.2' ],
47 silly audit   '@radix-ui/react-progress': [ '1.1.2' ],
47 silly audit   '@radix-ui/react-radio-group': [ '1.2.3' ],
47 silly audit   '@radix-ui/react-roving-focus': [ '1.1.2' ],
47 silly audit   '@radix-ui/react-scroll-area': [ '1.2.3' ],
47 silly audit   '@radix-ui/react-select': [ '2.1.6' ],
47 silly audit   '@radix-ui/react-separator': [ '1.1.2' ],
47 silly audit   '@radix-ui/react-slider': [ '1.2.3' ],
47 silly audit   '@radix-ui/react-slot': [ '1.1.2' ],
47 silly audit   '@radix-ui/react-switch': [ '1.1.3' ],
47 silly audit   '@radix-ui/react-tabs': [ '1.1.3' ],
47 silly audit   '@radix-ui/react-toast': [ '1.2.6' ],
47 silly audit   '@radix-ui/react-toggle': [ '1.1.2' ],
47 silly audit   '@radix-ui/react-toggle-group': [ '1.1.2' ],
47 silly audit   '@radix-ui/react-tooltip': [ '1.1.8' ],
47 silly audit   '@radix-ui/react-use-callback-ref': [ '1.1.0' ],
47 silly audit   '@radix-ui/react-use-controllable-state': [ '1.1.0' ],
47 silly audit   '@radix-ui/react-use-escape-keydown': [ '1.1.0' ],
47 silly audit   '@radix-ui/react-use-layout-effect': [ '1.1.0' ],
47 silly audit   '@radix-ui/react-use-previous': [ '1.1.0' ],
47 silly audit   '@radix-ui/react-use-rect': [ '1.1.0' ],
47 silly audit   '@radix-ui/react-use-size': [ '1.1.0' ],
47 silly audit   '@radix-ui/react-visually-hidden': [ '1.1.2' ],
47 silly audit   '@radix-ui/rect': [ '1.1.0' ],
47 silly audit   '@standard-schema/utils': [ '0.3.0' ],
47 silly audit   '@swc/counter': [ '0.1.3' ],
47 silly audit   '@swc/helpers': [ '0.5.5' ],
47 silly audit   '@types/d3-array': [ '3.2.1' ],
47 silly audit   '@types/d3-color': [ '3.1.3' ],
47 silly audit   '@types/d3-ease': [ '3.0.2' ],
47 silly audit   '@types/d3-interpolate': [ '3.0.4' ],
47 silly audit   '@types/d3-path': [ '3.1.1' ],
47 silly audit   '@types/d3-scale': [ '4.0.9' ],
47 silly audit   '@types/d3-shape': [ '3.1.7' ],
47 silly audit   '@types/d3-time': [ '3.0.4' ],
47 silly audit   '@types/d3-timer': [ '3.0.2' ],
47 silly audit   '@types/hoist-non-react-statics': [ '3.3.6' ],
47 silly audit   '@types/node': [ '20.17.30' ],
47 silly audit   '@types/prop-types': [ '15.7.14' ],
47 silly audit   '@types/react': [ '18.3.20' ],
47 silly audit   '@types/react-beautiful-dnd': [ '13.1.8' ],
47 silly audit   '@types/react-dom': [ '18.3.6' ],
47 silly audit   '@types/react-redux': [ '7.1.34' ],
47 silly audit   'ansi-regex': [ '6.1.0', '5.0.1' ],
47 silly audit   'ansi-styles': [ '6.2.1', '4.3.0' ],
47 silly audit   'any-promise': [ '1.3.0' ],
47 silly audit   anymatch: [ '3.1.3' ],
47 silly audit   arg: [ '5.0.2' ],
47 silly audit   'aria-hidden': [ '1.2.4' ],
47 silly audit   'balanced-match': [ '1.0.2' ],
47 silly audit   'binary-extensions': [ '2.3.0' ],
47 silly audit   'brace-expansion': [ '2.0.1' ],
47 silly audit   braces: [ '3.0.3' ],
47 silly audit   busboy: [ '1.6.0' ],
47 silly audit   'camelcase-css': [ '2.0.1' ],
47 silly audit   'caniuse-lite': [ '1.0.30001709' ],
47 silly audit   chokidar: [ '3.6.0' ],
47 silly audit   'glob-parent': [ '5.1.2', '6.0.2' ],
47 silly audit   'class-variance-authority': [ '0.7.1' ],
47 silly audit   'client-only': [ '0.0.1' ],
47 silly audit   clsx: [ '2.1.1' ],
47 silly audit   cmdk: [ '1.1.1' ],
47 silly audit   'color-convert': [ '2.0.1' ],
47 silly audit   'color-name': [ '1.1.4' ],
47 silly audit   commander: [ '4.1.1' ],
47 silly audit   'cross-spawn': [ '7.0.6' ],
47 silly audit   'css-box-model': [ '1.2.1' ],
47 silly audit   'css-mediaquery': [ '0.1.2' ],
47 silly audit   cssesc: [ '3.0.0' ],
47 silly audit   csstype: [ '3.1.3' ],
47 silly audit   'd3-array': [ '3.2.4' ],
47 silly audit   'd3-color': [ '3.1.0' ],
47 silly audit   'd3-ease': [ '3.0.1' ],
47 silly audit   'd3-format': [ '3.1.0' ],
47 silly audit   'd3-interpolate': [ '3.0.1' ],
47 silly audit   'd3-path': [ '3.1.0' ],
47 silly audit   'd3-scale': [ '4.0.2' ],
47 silly audit   'd3-shape': [ '3.2.0' ],
47 silly audit   'd3-time': [ '3.1.0' ],
47 silly audit   'd3-time-format': [ '4.1.0' ],
47 silly audit   'd3-timer': [ '3.0.1' ],
47 silly audit   'date-fns': [ '3.6.0' ],
47 silly audit   'decimal.js-light': [ '2.5.1' ],
47 silly audit   'detect-node-es': [ '1.1.0' ],
47 silly audit   didyoumean: [ '1.2.2' ],
47 silly audit   dlv: [ '1.1.3' ],
47 silly audit   'dom-helpers': [ '5.2.1' ],
47 silly audit   eastasianwidth: [ '0.2.0' ],
47 silly audit   'embla-carousel': [ '8.5.2' ],
47 silly audit   'embla-carousel-react': [ '8.5.2' ],
47 silly audit   'embla-carousel-reactive-utils': [ '8.5.2' ],
47 silly audit   'emoji-regex': [ '9.2.2', '8.0.0' ],
47 silly audit   eventemitter3: [ '4.0.7' ],
47 silly audit   'fast-equals': [ '5.2.2' ],
47 silly audit   'fast-glob': [ '3.3.3' ],
47 silly audit   fastq: [ '1.19.1' ],
47 silly audit   'fill-range': [ '7.1.1' ],
47 silly audit   'foreground-child': [ '3.3.1' ],
47 silly audit   'framer-motion': [ '12.6.3' ],
47 silly audit   fsevents: [ '2.3.3' ],
47 silly audit   'function-bind': [ '1.1.2' ],
47 silly audit   'get-nonce': [ '1.0.1' ],
47 silly audit   glob: [ '10.4.5' ],
47 silly audit   'graceful-fs': [ '4.2.11' ],
47 silly audit   hasown: [ '2.0.2' ],
47 silly audit   'hoist-non-react-statics': [ '3.3.2' ],
47 silly audit   'react-is': [ '16.13.1', '18.3.1', '17.0.2' ],
47 silly audit   'hyphenate-style-name': [ '1.1.0' ],
47 silly audit   'input-otp': [ '1.4.2' ],
47 silly audit   internmap: [ '2.0.3' ],
47 silly audit   'is-binary-path': [ '2.1.0' ],
47 silly audit   'is-core-module': [ '2.16.1' ],
47 silly audit   'is-extglob': [ '2.1.1' ],
47 silly audit   'is-fullwidth-code-point': [ '3.0.0' ],
47 silly audit   'is-glob': [ '4.0.3' ],
47 silly audit   'is-number': [ '7.0.0' ],
47 silly audit   isexe: [ '2.0.0' ],
47 silly audit   jackspeak: [ '3.4.3' ],
47 silly audit   jiti: [ '1.21.7' ],
47 silly audit   'js-tokens': [ '4.0.0' ],
47 silly audit   lilconfig: [ '3.1.3' ],
47 silly audit   'lines-and-columns': [ '1.2.4' ],
47 silly audit   lodash: [ '4.17.21' ],
47 silly audit   'loose-envify': [ '1.4.0' ],
47 silly audit   'lru-cache': [ '10.4.3' ],
47 silly audit   'lucide-react': [ '0.487.0' ],
47 silly audit   matchmediaquery: [ '0.4.2' ],
47 silly audit   'memoize-one': [ '5.2.1' ],
47 silly audit   merge2: [ '1.4.1' ],
47 silly audit   micromatch: [ '4.0.8' ],
47 silly audit   minimatch: [ '9.0.5' ],
47 silly audit   minipass: [ '7.1.2' ],
47 silly audit   'motion-dom': [ '12.6.3' ],
47 silly audit   'motion-utils': [ '12.6.3' ],
47 silly audit   mz: [ '2.7.0' ],
47 silly audit   nanoid: [ '3.3.11' ],
47 silly audit   next: [ '14.2.20' ],
47 silly audit   'next-themes': [ '0.4.6' ],
47 silly audit   postcss: [ '8.4.31', '8.5.3' ],
47 silly audit   'normalize-path': [ '3.0.0' ],
47 silly audit   'object-assign': [ '4.1.1' ],
47 silly audit   'object-hash': [ '3.0.0' ],
47 silly audit   'package-json-from-dist': [ '1.0.1' ],
47 silly audit   'path-key': [ '3.1.1' ],
47 silly audit   'path-parse': [ '1.0.7' ],
47 silly audit   'path-scurry': [ '1.11.1' ],
47 silly audit   picocolors: [ '1.1.1' ],
47 silly audit   picomatch: [ '2.3.1' ],
47 silly audit   pify: [ '2.3.0' ],
47 silly audit   pirates: [ '4.0.7' ],
47 silly audit   'postcss-import': [ '15.1.0' ],
47 silly audit   'postcss-js': [ '4.0.1' ],
47 silly audit   'postcss-load-config': [ '4.0.2' ],
47 silly audit   'postcss-nested': [ '6.2.0' ],
47 silly audit   'postcss-selector-parser': [ '6.1.2' ],
47 silly audit   'postcss-value-parser': [ '4.2.0' ],
47 silly audit   'prop-types': [ '15.8.1' ],
47 silly audit   'queue-microtask': [ '1.2.3' ],
47 silly audit   'raf-schd': [ '4.0.3' ],
47 silly audit   react: [ '18.3.1' ],
47 silly audit   'react-beautiful-dnd': [ '13.1.1' ],
47 silly audit   'react-day-picker': [ '8.10.1' ],
47 silly audit   'react-dom': [ '18.3.1' ],
47 silly audit   'react-hook-form': [ '7.55.0' ],
47 silly audit   'react-redux': [ '7.2.9' ],
47 silly audit   'react-remove-scroll': [ '2.6.3' ],
47 silly audit   'react-remove-scroll-bar': [ '2.3.8' ],
47 silly audit   'react-resizable-panels': [ '2.1.7' ],
47 silly audit   'react-responsive': [ '10.0.1' ],
47 silly audit   'react-smooth': [ '4.0.4' ],
47 silly audit   'react-style-singleton': [ '2.2.3' ],
47 silly audit   'react-transition-group': [ '4.4.5' ],
47 silly audit   'read-cache': [ '1.0.0' ],
47 silly audit   readdirp: [ '3.6.0' ],
47 silly audit   recharts: [ '2.15.2' ],
47 silly audit   'recharts-scale': [ '0.4.5' ],
47 silly audit   redux: [ '4.2.1' ],
47 silly audit   'regenerator-runtime': [ '0.14.1' ],
47 silly audit   resolve: [ '1.22.10' ],
47 silly audit   reusify: [ '1.1.0' ],
47 silly audit   'run-parallel': [ '1.2.0' ],
47 silly audit   scheduler: [ '0.23.2' ],
47 silly audit   'shallow-equal': [ '3.1.0' ],
47 silly audit   'shebang-command': [ '2.0.0' ],
47 silly audit   'shebang-regex': [ '3.0.0' ],
47 silly audit   'signal-exit': [ '4.1.0' ],
47 silly audit   sonner: [ '2.0.3' ],
47 silly audit   'source-map-js': [ '1.2.1' ],
47 silly audit   streamsearch: [ '1.1.0' ],
47 silly audit   'string-width': [ '5.1.2', '4.2.3' ],
47 silly audit   'strip-ansi': [ '6.0.1', '7.1.0' ],
47 silly audit   'styled-jsx': [ '5.1.1' ],
47 silly audit   sucrase: [ '3.35.0' ],
47 silly audit   'supports-preserve-symlinks-flag': [ '1.0.0' ],
47 silly audit   'tailwind-merge': [ '3.1.0' ],
47 silly audit   tailwindcss: [ '3.4.17' ],
47 silly audit   'tailwindcss-animate': [ '1.0.7' ],
47 silly audit   thenify: [ '3.3.1' ],
47 silly audit   'thenify-all': [ '1.6.0' ],
47 silly audit   'tiny-invariant': [ '1.3.3' ],
47 silly audit   'to-regex-range': [ '5.0.1' ],
47 silly audit   'ts-interface-checker': [ '0.1.13' ],
47 silly audit   tslib: [ '2.8.1' ],
47 silly audit   'tw-animate-css': [ '1.2.5' ],
47 silly audit   typescript: [ '5.8.2' ],
47 silly audit   'undici-types': [ '6.19.8' ],
47 silly audit   'use-callback-ref': [ '1.3.3' ],
47 silly audit   'use-memo-one': [ '1.1.3' ],
47 silly audit   'use-sidecar': [ '1.1.3' ],
47 silly audit   'util-deprecate': [ '1.0.2' ],
47 silly audit   vaul: [ '1.1.2' ],
47 silly audit   'victory-vendor': [ '36.9.2' ],
47 silly audit   which: [ '2.0.2' ],
47 silly audit   'wrap-ansi': [ '8.1.0', '7.0.0' ],
47 silly audit   yaml: [ '2.7.1' ],
47 silly audit   zod: [ '3.24.2' ],
47 silly audit   zustand: [ '5.0.3' ]
47 silly audit }
48 verbose reify failed optional dependency /home/user/node_modules/fsevents
49 silly reify mark deleted [ '/home/user/node_modules/fsevents' ]
50 verbose reify failed optional dependency /home/user/node_modules/@next/swc-win32-x64-msvc
51 silly reify mark deleted [ '/home/user/node_modules/@next/swc-win32-x64-msvc' ]
52 verbose reify failed optional dependency /home/user/node_modules/@next/swc-win32-ia32-msvc
53 silly reify mark deleted [ '/home/user/node_modules/@next/swc-win32-ia32-msvc' ]
54 verbose reify failed optional dependency /home/user/node_modules/@next/swc-win32-arm64-msvc
55 silly reify mark deleted [ '/home/user/node_modules/@next/swc-win32-arm64-msvc' ]
56 verbose reify failed optional dependency /home/user/node_modules/@next/swc-linux-arm64-musl
57 silly reify mark deleted [ '/home/user/node_modules/@next/swc-linux-arm64-musl' ]
58 verbose reify failed optional dependency /home/user/node_modules/@next/swc-linux-arm64-gnu
59 silly reify mark deleted [ '/home/user/node_modules/@next/swc-linux-arm64-gnu' ]
60 verbose reify failed optional dependency /home/user/node_modules/@next/swc-darwin-x64
61 silly reify mark deleted [ '/home/user/node_modules/@next/swc-darwin-x64' ]
62 verbose reify failed optional dependency /home/user/node_modules/@next/swc-darwin-arm64
63 silly reify mark deleted [ '/home/user/node_modules/@next/swc-darwin-arm64' ]
64 timing reifyNode:node_modules/fsevents Completed in 210ms
65 timing reifyNode:node_modules/@next/swc-win32-x64-msvc Completed in 211ms
66 timing reifyNode:node_modules/@next/swc-win32-ia32-msvc Completed in 210ms
67 timing reifyNode:node_modules/@next/swc-win32-arm64-msvc Completed in 210ms
68 timing reifyNode:node_modules/@next/swc-linux-arm64-musl Completed in 211ms
69 timing reifyNode:node_modules/@next/swc-linux-arm64-gnu Completed in 211ms
70 timing reifyNode:node_modules/@next/swc-darwin-x64 Completed in 211ms
71 timing reifyNode:node_modules/@next/swc-darwin-arm64 Completed in 212ms
72 timing reifyNode:node_modules/@types/hoist-non-react-statics Completed in 597ms
73 timing reifyNode:node_modules/@types/react-redux Completed in 631ms
74 timing reifyNode:node_modules/@types/react-beautiful-dnd Completed in 631ms
75 http fetch POST 200 https://registry.npmjs.org/-/npm/v1/security/advisories/bulk 653ms
76 timing auditReport:getReport Completed in 678ms
77 silly audit report {
77 silly audit report   next: [
77 silly audit report     {
77 silly audit report       id: 1101438,
77 silly audit report       url: 'https://github.com/advisories/GHSA-7m27-7ghc-44w9',
77 silly audit report       title: 'Next.js Allows a Denial of Service (DoS) with Server Actions',
77 silly audit report       severity: 'moderate',
77 silly audit report       vulnerable_versions: '>=14.0.0 <14.2.21',
77 silly audit report       cwe: [Array],
77 silly audit report       cvss: [Object]
77 silly audit report     },
77 silly audit report     {
77 silly audit report       id: 1103622,
77 silly audit report       url: 'https://github.com/advisories/GHSA-f82v-jwr5-mffw',
77 silly audit report       title: 'Authorization Bypass in Next.js Middleware',
77 silly audit report       severity: 'critical',
77 silly audit report       vulnerable_versions: '>=14.0.0 <14.2.25',
77 silly audit report       cwe: [Array],
77 silly audit report       cvss: [Object]
77 silly audit report     }
77 silly audit report   ]
77 silly audit report }
78 timing reifyNode:node_modules/hoist-non-react-statics/node_modules/react-is Completed in 700ms
79 timing reifyNode:node_modules/react-redux/node_modules/react-is Completed in 719ms
80 timing reifyNode:node_modules/raf-schd Completed in 719ms
81 timing reifyNode:node_modules/hoist-non-react-statics Completed in 720ms
82 timing reifyNode:node_modules/use-memo-one Completed in 725ms
83 timing reifyNode:node_modules/memoize-one Completed in 721ms
84 timing metavuln:cache:get:security-advisory:next:NpdQYf+4OaOvlNiZgkhHLNCcOTe84gjeay11sdJQ2HSe2hRovddeIJqZfGwiLh+ns7klO1J2oxhVS+ou+h9gmw== Completed in 70ms
85 timing metavuln:cache:get:security-advisory:next:sRwxXns2Jx2Pd1edvsG5cID01wxEZSh7zL1q0AyAGjICnwvz65raPm6wLUcvxPnSL/F/TL0ZfpcjpUk1ZrqwMQ== Completed in 79ms
86 timing reifyNode:node_modules/css-box-model Completed in 740ms
87 timing reifyNode:node_modules/redux Completed in 1175ms
88 timing reifyNode:node_modules/zustand Completed in 1282ms
89 timing reifyNode:node_modules/react-redux Completed in 1527ms
90 warn deprecated react-beautiful-dnd@13.1.1: react-beautiful-dnd is now deprecated. Context and options: https://github.com/atlassian/react-beautiful-dnd/issues/2672
91 timing reifyNode:node_modules/react-beautiful-dnd Completed in 2393ms
92 timing reify:unpack Completed in 2397ms
93 timing reify:unretire Completed in 0ms
94 timing build:queue Completed in 9ms
95 timing build:deps Completed in 10ms
96 timing build Completed in 10ms
97 timing reify:build Completed in 11ms
98 timing reify:trash Completed in 9ms
99 timing reify:save Completed in 734ms
100 http fetch GET 200 https://registry.npmjs.org/next 3904ms (cache updated)
101 timing metavuln:packument:next Completed in 5051ms
102 timing metavuln:load:security-advisory:next:1101438 Completed in 199ms
103 timing metavuln:calculate:security-advisory:next:1101438 Completed in 5257ms
104 timing metavuln:load:security-advisory:next:1103622 Completed in 127ms
105 timing metavuln:calculate:security-advisory:next:1103622 Completed in 5372ms
106 timing auditReport:init Completed in 5627ms
107 timing reify:audit Completed in 6312ms
108 timing reify Completed in 7312ms
109 silly ADD node_modules/zustand
110 silly ADD node_modules/use-memo-one
111 silly ADD node_modules/redux
112 silly ADD node_modules/react-redux
113 silly ADD node_modules/react-redux/node_modules/react-is
114 silly ADD node_modules/react-beautiful-dnd
115 silly ADD node_modules/raf-schd
116 silly ADD node_modules/memoize-one
117 silly ADD node_modules/hoist-non-react-statics
118 silly ADD node_modules/hoist-non-react-statics/node_modules/react-is
119 silly ADD
120 silly ADD node_modules/css-box-model
121 silly ADD node_modules/@types/react-redux
122 silly ADD node_modules/@types/react-beautiful-dnd
123 silly ADD node_modules/@types/hoist-non-react-statics
124 silly ADD
125 silly ADD
126 silly ADD
127 silly ADD
128 silly ADD
129 silly ADD
130 silly ADD
131 timing command:install Completed in 7538ms
132 verbose exit 0
133 timing npm Completed in 9250ms
134 info ok
